\BOOKMARK [0][-]{FrontCover.0}{Front Cover}{}% 1
\BOOKMARK [0][-]{chapter*.2}{Abstract}{}% 2
\BOOKMARK [0][-]{chapter*.3}{Acknowledgements}{}% 3
\BOOKMARK [0][-]{Contents.0}{Contents}{}% 4
\BOOKMARK [0][-]{chapter.1}{1 Introduction}{}% 5
\BOOKMARK [0][-]{chapter.2}{2 Nanofluids}{}% 6
\BOOKMARK [1][-]{section.2.1}{2.1 Mechanisms of Heat Conduction in Nanofluids}{chapter.2}% 7
\BOOKMARK [1][-]{section.2.2}{2.2 Thermophoresis}{chapter.2}% 8
\BOOKMARK [0][-]{chapter.3}{3 Transient Hot Wire}{}% 9
\BOOKMARK [1][-]{section.3.1}{3.1 Relevant Design Background}{chapter.3}% 10
\BOOKMARK [1][-]{section.3.2}{3.2 Design \046 Construction}{chapter.3}% 11
\BOOKMARK [2][-]{subsection.3.2.1}{3.2.1 Wheatstone Bridge}{section.3.2}% 12
\BOOKMARK [2][-]{subsection.3.2.2}{3.2.2 Printed Circuit Board}{section.3.2}% 13
\BOOKMARK [2][-]{subsection.3.2.3}{3.2.3 Cell Design and Fabrication}{section.3.2}% 14
\BOOKMARK [1][-]{section.3.3}{3.3 Experimental Procedures}{chapter.3}% 15
\BOOKMARK [2][-]{subsection.3.3.1}{3.3.1 Instrument Calibration}{section.3.3}% 16
\BOOKMARK [2][-]{subsection.3.3.2}{3.3.2 Measurement Process}{section.3.3}% 17
\BOOKMARK [2][-]{subsection.3.3.3}{3.3.3 Description of Method}{section.3.3}% 18
\BOOKMARK [0][-]{chapter.4}{4 Work Plan for Spring Term}{}% 19
\BOOKMARK [1][-]{section.4.1}{4.1 Transient Hot Wire}{chapter.4}% 20
\BOOKMARK [1][-]{section.4.2}{4.2 Molecular Simulations}{chapter.4}% 21
\BOOKMARK [1][-]{section.4.3}{4.3 Heat Exchanger Design}{chapter.4}% 22
\BOOKMARK [1][-]{section.4.4}{4.4 Gantt Chart}{chapter.4}% 23
\BOOKMARK [0][-]{chapter.5}{5 Risk Assessment}{}% 24
\BOOKMARK [0][-]{chapter.6}{6 References}{}% 25
